::::::::::::::::::::::::::::::::::::::::::::::::::::::::::::::::::::::
  Multi-Core Markov-Chain Monte Carlo (MC3).
  Version 1.3.0.
  Copyright (c) 2015-2018 Patricio Cubillos and collaborators.
  MC3 is open-source software under the MIT license (see LICENSE).
::::::::::::::::::::::::::::::::::::::::::::::::::::::::::::::::::::::

Start MCMC chains  (Thu Apr 26 08:37:08 2018)

[          ]  10.0% completed  (Thu Apr 26 12:09:00 2018)
Out-of-bound Trials:
 [ 6479  6635  2831    46   392  6046 10288  9131  6921]
Best Parameters:   (chisq=26.1132)
[ -1.77074802e+00  -1.47335077e-01   1.00000000e+00   0.00000000e+00
   4.03717731e-01   2.98258038e+04   1.22994919e-04   1.76675087e+00
   2.82920130e+00   4.63882936e-01  -9.59706033e-01]
Gelman-Rubin statistic for free parameters:
[ 1.07724705  1.07863272  1.09022402  1.09180223  1.12659602
1.0863749
  1.09679952  1.08600324  1.04994704]

[:         ]  20.0% completed  (Thu Apr 26 15:01:26 2018)
Out-of-bound Trials:
 [14019 13212  5892    51   581 15006 20830 19530 15465]
Best Parameters:   (chisq=25.9444)
[ -2.93355540e+00  -7.08987457e-01   1.00000000e+00   0.00000000e+00
   4.43320378e-01   2.98165012e+04   1.27012007e-04   1.92550004e+00
   2.77317660e+00   5.97328747e-01   9.06121292e-01]
Gelman-Rubin statistic for free parameters:
[ 1.01506059  1.01389816  1.03610813  1.01485534  1.02380491
1.0188639
  1.03294593  1.01749628  1.02005422]

[::        ]  30.0% completed  (Thu Apr 26 18:46:39 2018)
Out-of-bound Trials:
 [21255 20782  9265    52   784 24891 32355 30423 24530]
Best Parameters:   (chisq=25.9444)
[ -2.93355540e+00  -7.08987457e-01   1.00000000e+00   0.00000000e+00
   4.43320378e-01   2.98165012e+04   1.27012007e-04   1.92550004e+00
   2.77317660e+00   5.97328747e-01   9.06121292e-01]
Gelman-Rubin statistic for free parameters:
[ 1.00408249  1.01476608  1.02159588  1.00684376  1.01198218
1.02437217
  1.02370875  1.02421677  1.0166598 ]

[:::       ]  40.0% completed  (Thu Apr 26 21:20:47 2018)
Out-of-bound Trials:
 [28307 28487 13331    52   973 34187 44042 41943 33273]
Best Parameters:   (chisq=25.6461)
[ -3.07774201e+00   4.50050055e-01   1.00000000e+00   0.00000000e+00
   4.24782255e-01   2.96920173e+04   1.26343187e-04   1.50582602e+00
   1.88652626e+00   2.10732806e+00  -1.19077850e+00]
Gelman-Rubin statistic for free parameters:
[ 1.00349011  1.00807191  1.0153931   1.00833748  1.01434658
1.02236199
  1.02327827  1.02120003  1.01009566]

[::::      ]  50.0% completed  (Thu Apr 26 23:53:37 2018)
Out-of-bound Trials:
 [35928 35671 17407    52  1187 44114 55673 52451 42019]
Best Parameters:   (chisq=25.6461)
[ -3.07774201e+00   4.50050055e-01   1.00000000e+00   0.00000000e+00
   4.24782255e-01   2.96920173e+04   1.26343187e-04   1.50582602e+00
   1.88652626e+00   2.10732806e+00  -1.19077850e+00]
Gelman-Rubin statistic for free parameters:
[ 1.00287273  1.00653214  1.00812576  1.00463801  1.00775598
1.01271729
  1.01257821  1.01263074  1.01047645]

[:::::     ]  60.0% completed  (Fri Apr 27 02:30:47 2018)
Out-of-bound Trials:
 [43134 42747 21876    52  1359 53658 66694 62924 50190]
Best Parameters:   (chisq=25.6461)
[ -3.07774201e+00   4.50050055e-01   1.00000000e+00   0.00000000e+00
   4.24782255e-01   2.96920173e+04   1.26343187e-04   1.50582602e+00
   1.88652626e+00   2.10732806e+00  -1.19077850e+00]
Gelman-Rubin statistic for free parameters:
[ 1.00205563  1.00477435  1.00511275  1.00402095  1.00613008
1.01053325
  1.00704946  1.01055122  1.0098715 ]

[::::::    ]  70.0% completed  (Fri Apr 27 05:03:18 2018)
Out-of-bound Trials:
 [50589 49787 26342    53  1582 63102 78186 73731 59102]
Best Parameters:   (chisq=25.6461)
[ -3.07774201e+00   4.50050055e-01   1.00000000e+00   0.00000000e+00
   4.24782255e-01   2.96920173e+04   1.26343187e-04   1.50582602e+00
   1.88652626e+00   2.10732806e+00  -1.19077850e+00]
Gelman-Rubin statistic for free parameters:
[ 1.00105185  1.00263248  1.00208713  1.0020222   1.007254
1.01322708
  1.00449446  1.00823927  1.00559764]

[:::::::   ]  80.0% completed  (Fri Apr 27 07:34:38 2018)
Out-of-bound Trials:
 [57769 57069 30797    53  1747 73227 89439 84570 67837]
Best Parameters:   (chisq=25.6409)
[ -3.40532887e+00  -2.00567273e+00   1.00000000e+00   0.00000000e+00
   6.54540872e-01   2.96712399e+04   1.29331302e-04   1.50856168e+00
   2.49793412e+00   2.03805652e+00  -2.24177335e+00]
Gelman-Rubin statistic for free parameters:
[ 1.00074065  1.00216253  1.00211413  1.0017068   1.00478338
1.00784452
  1.00244748  1.00679436  1.00465575]
All parameters have converged to within 1% of unity.

[::::::::  ]  90.0% completed  (Fri Apr 27 10:09:21 2018)
Out-of-bound Trials:
 [ 65229  64615  35733     53   1919  82681 101249  94124  76492]
Best Parameters:   (chisq=25.6409)
[ -3.40532887e+00  -2.00567273e+00   1.00000000e+00   0.00000000e+00
   6.54540872e-01   2.96712399e+04   1.29331302e-04   1.50856168e+00
   2.49793412e+00   2.03805652e+00  -2.24177335e+00]
Gelman-Rubin statistic for free parameters:
[ 1.00087271  1.00211163  1.0023432   1.00093864  1.00354292
1.00580846
  1.00295089  1.00491275  1.0036836 ]
All parameters have converged to within 1% of unity.

[::::::::: ] 100.0% completed  (Fri Apr 27 12:41:02 2018)
Out-of-bound Trials:
 [ 72209  71898  40561     54   2094  92079 112880 105145  85613]
Best Parameters:   (chisq=25.6409)
[ -3.40532887e+00  -2.00567273e+00   1.00000000e+00   0.00000000e+00
   6.54540872e-01   2.96712399e+04   1.29331302e-04   1.50856168e+00
   2.49793412e+00   2.03805652e+00  -2.24177335e+00]
Gelman-Rubin statistic for free parameters:
[ 1.00076525  1.00225988  1.00192417  1.00082505  1.00306005
1.00608069
  1.00278324  1.00520074  1.00257197]
All parameters have converged to within 1% of unity.

Fin, MCMC Summary:
------------------
 Burned in iterations per chain:   3000
 Number of iterations per chain:  41667
 MCMC sample size:               464004
 Acceptance rate:   5.12%

 Best-fit params   Uncertainties        S/N      Sample Mean   Note
  -3.4053289e+00   1.6631793e+00       2.05   -2.0772556e+00
  -2.0056727e+00   1.1922698e+00       1.68   -9.1481780e-01
   1.0000000e+00             0.0        ---              ---   Fixed
   0.0000000e+00             0.0        ---              ---   Fixed
   6.5454087e-01   2.7613317e-01       2.37    6.0643339e-01
   2.9671240e+04   2.0848142e+02     142.32    2.9739746e+04
   1.2933130e-04   2.5201829e-05       5.13    1.1331073e-04
   1.5085617e+00   6.4997150e-01       2.32    2.2484758e+00
   2.4979341e+00   3.4103000e+00       0.73   -1.3845284e+00
   2.0380565e+00   3.4268871e+00       0.59   -2.7330798e+00
  -2.2417733e+00   3.8140535e+00       0.59   -1.8966689e+00

 Best-parameter's chi-squared:     25.6409
 Bayesian Information Criterion:   56.5468
 Reduced chi-squared:               1.1655
 Standard deviation of residuals:  4.06824e-05
